<?xml version="1.0" encoding="UTF-8"?>
<testng-results skipped="0" failed="0" ignored="0" total="1" passed="1">
  <reporter-output>
  </reporter-output>
  <suite name="Suite" duration-ms="37567" started-at="2019-09-11T08:23:47Z" finished-at="2019-09-11T08:24:25Z">
    <groups>
    </groups>
    <test name="Test" duration-ms="37567" started-at="2019-09-11T08:23:47Z" finished-at="2019-09-11T08:24:25Z">
      <class name="testPackage.TestPavkage">
        <test-method status="PASS" signature="openBrowser()[pri:0, instance:testPackage.TestPavkage@16e8792]" name="openBrowser" duration-ms="37484" started-at="2019-09-11T13:53:47Z" finished-at="2019-09-11T13:54:25Z">
          <reporter-output>
          </reporter-output>
        </test-method> <!-- openBrowser -->
      </class> <!-- testPackage.TestPavkage -->
    </test> <!-- Test -->
  </suite> <!-- Suite -->
</testng-results>
