<?xml version="1.0" encoding="UTF-8"?>
<testng-results skipped="0" failed="0" ignored="0" total="1" passed="1">
  <reporter-output>
  </reporter-output>
  <suite name="Suite" duration-ms="17756" started-at="2019-09-11T08:11:01Z" finished-at="2019-09-11T08:11:19Z">
    <groups>
    </groups>
    <test name="Test" duration-ms="17756" started-at="2019-09-11T08:11:01Z" finished-at="2019-09-11T08:11:19Z">
      <class name="testPackage.TestPavkage">
        <test-method status="PASS" signature="openBrowser()[pri:0, instance:testPackage.TestPavkage@15530b9]" name="openBrowser" duration-ms="17662" started-at="2019-09-11T13:41:02Z" finished-at="2019-09-11T13:41:19Z">
          <reporter-output>
          </reporter-output>
        </test-method> <!-- openBrowser -->
      </class> <!-- testPackage.TestPavkage -->
    </test> <!-- Test -->
  </suite> <!-- Suite -->
</testng-results>
